2019-10-14 18:31:02.791  INFO 17208 --- [restartedMain] r.f.k.c.CultureCodeApplicationKt         : Starting CultureCodeApplicationKt on hlystov-mv with PID 17208 (C:\otus\culture-code\monolith\build\classes\java\main started by hlystov_m in C:\otus\culture-code)
2019-10-14 18:31:02.791  INFO 17208 --- [restartedMain] r.f.k.c.CultureCodeApplicationKt         : No active profile set, falling back to default profiles: default
2019-10-14 18:31:02.839  INFO 17208 --- [restartedMain] .e.DevToolsPropertyDefaultsPostProcessor : Devtools property defaults active! Set 'spring.devtools.add-properties' to 'false' to disable
2019-10-14 18:31:02.839  INFO 17208 --- [restartedMain] .e.DevToolsPropertyDefaultsPostProcessor : For additional web related logging consider setting the 'logging.level.web' property to 'DEBUG'
2019-10-14 18:31:03.812  INFO 17208 --- [restartedMain] .s.d.r.c.RepositoryConfigurationDelegate : Bootstrapping Spring Data repositories in DEFAULT mode.
2019-10-14 18:31:03.876  INFO 17208 --- [restartedMain] .s.d.r.c.RepositoryConfigurationDelegate : Finished Spring Data repository scanning in 64ms. Found 8 repository interfaces.
2019-10-14 18:31:04.096  INFO 17208 --- [restartedMain] trationDelegate$BeanPostProcessorChecker : Bean 'org.springframework.hateoas.config.HateoasConfiguration' of type [org.springframework.hateoas.config.HateoasConfiguration$$EnhancerBySpringCGLIB$$e8891e0b] is not eligible for getting processed by all BeanPostProcessors (for example: not eligible for auto-proxying)
2019-10-14 18:31:04.330  INFO 17208 --- [restartedMain] o.s.b.w.embedded.tomcat.TomcatWebServer  : Tomcat initialized with port(s): 8080 (http)
2019-10-14 18:31:04.347  INFO 17208 --- [restartedMain] o.apache.catalina.core.StandardService   : Starting service [Tomcat]
2019-10-14 18:31:04.347  INFO 17208 --- [restartedMain] org.apache.catalina.core.StandardEngine  : Starting Servlet engine: [Apache Tomcat/9.0.26]
2019-10-14 18:31:04.425  INFO 17208 --- [restartedMain] o.a.c.c.C.[Tomcat].[localhost].[/]       : Initializing Spring embedded WebApplicationContext
2019-10-14 18:31:04.425  INFO 17208 --- [restartedMain] o.s.web.context.ContextLoader            : Root WebApplicationContext: initialization completed in 1586 ms
2019-10-14 18:31:05.289  INFO 17208 --- [restartedMain] org.mongodb.driver.cluster               : Cluster created with settings {hosts=[localhost:27017], mode=MULTIPLE, requiredClusterType=UNKNOWN, serverSelectionTimeout='30000 ms', maxWaitQueueSize=500}
2019-10-14 18:31:05.289  INFO 17208 --- [restartedMain] org.mongodb.driver.cluster               : Adding discovered server localhost:27017 to client view of cluster
2019-10-14 18:31:05.351  INFO 17208 --- [cluster-ClusterId{value='5da494b990e4e9433801f226', description='null'}-localhost:27017] org.mongodb.driver.connection            : Opened connection [connectionId{localValue:1, serverValue:397}] to localhost:27017
2019-10-14 18:31:05.354  INFO 17208 --- [cluster-ClusterId{value='5da494b990e4e9433801f226', description='null'}-localhost:27017] org.mongodb.driver.cluster               : Monitor thread successfully connected to server with description ServerDescription{address=localhost:27017, type=STANDALONE, state=CONNECTED, ok=true, version=ServerVersion{versionList=[4, 0, 10]}, minWireVersion=0, maxWireVersion=7, maxDocumentSize=16777216, logicalSessionTimeoutMinutes=30, roundTripTimeNanos=2071400}
2019-10-14 18:31:05.354  INFO 17208 --- [cluster-ClusterId{value='5da494b990e4e9433801f226', description='null'}-localhost:27017] org.mongodb.driver.cluster               : Discovered cluster type of STANDALONE
2019-10-14 18:31:05.385  WARN 17208 --- [restartedMain] o.s.data.convert.CustomConversions       : Registering converter from class java.time.LocalDateTime to class java.time.Instant as reading converter although it doesn't convert from a store-supported type! You might wanna check you annotation setup at the converter implementation.
2019-10-14 18:31:05.385  WARN 17208 --- [restartedMain] o.s.data.convert.CustomConversions       : Registering converter from class java.time.Instant to class java.time.LocalDateTime as reading converter although it doesn't convert from a store-supported type! You might wanna check you annotation setup at the converter implementation.
2019-10-14 18:31:05.526  WARN 17208 --- [restartedMain] o.s.data.convert.CustomConversions       : Registering converter from class java.time.LocalDateTime to class java.time.Instant as reading converter although it doesn't convert from a store-supported type! You might wanna check you annotation setup at the converter implementation.
2019-10-14 18:31:05.526  WARN 17208 --- [restartedMain] o.s.data.convert.CustomConversions       : Registering converter from class java.time.Instant to class java.time.LocalDateTime as reading converter although it doesn't convert from a store-supported type! You might wanna check you annotation setup at the converter implementation.
2019-10-14 18:31:05.577  INFO 17208 --- [restartedMain] org.mongodb.driver.connection            : Opened connection [connectionId{localValue:2, serverValue:398}] to localhost:27017
2019-10-14 18:31:05.986  INFO 17208 --- [restartedMain] o.s.b.d.a.OptionalLiveReloadServer       : LiveReload server is running on port 35729
2019-10-14 18:31:06.556  WARN 17208 --- [restartedMain] o.s.data.convert.CustomConversions       : Registering converter from class java.time.LocalDateTime to class java.time.Instant as reading converter although it doesn't convert from a store-supported type! You might wanna check you annotation setup at the converter implementation.
2019-10-14 18:31:06.556  WARN 17208 --- [restartedMain] o.s.data.convert.CustomConversions       : Registering converter from class java.time.Instant to class java.time.LocalDateTime as reading converter although it doesn't convert from a store-supported type! You might wanna check you annotation setup at the converter implementation.
2019-10-14 18:31:06.556  WARN 17208 --- [restartedMain] o.s.data.convert.CustomConversions       : Registering converter from class java.time.LocalDateTime to class java.time.Instant as reading converter although it doesn't convert from a store-supported type! You might wanna check you annotation setup at the converter implementation.
2019-10-14 18:31:06.556  WARN 17208 --- [restartedMain] o.s.data.convert.CustomConversions       : Registering converter from class java.time.Instant to class java.time.LocalDateTime as reading converter although it doesn't convert from a store-supported type! You might wanna check you annotation setup at the converter implementation.
2019-10-14 18:31:06.571  INFO 17208 --- [restartedMain] c.github.cloudyrock.mongock.LockChecker  : Mongbee trying to acquire the lock
2019-10-14 18:31:06.587  INFO 17208 --- [restartedMain] c.github.cloudyrock.mongock.LockChecker  : Mongbee acquired the lock until: Mon Oct 14 18:34:06 MSK 2019
2019-10-14 18:31:06.587  INFO 17208 --- [restartedMain] com.github.cloudyrock.mongock.Mongock    : Mongock starting the data migration sequence..
2019-10-14 18:31:06.620  INFO 17208 --- [restartedMain] org.reflections.Reflections              : Reflections took 17 ms to scan 1 urls, producing 6 keys and 49 values 
2019-10-14 18:31:06.666 DEBUG 17208 --- [restartedMain] o.s.data.mongodb.core.MongoTemplate      : Inserting list of Documents containing 359 items
2019-10-14 18:31:06.682  INFO 17208 --- [restartedMain] com.github.cloudyrock.mongock.Mongock    : com.github.cloudyrock.mongock.ChangeEntry@67b7384f applied
2019-10-14 18:31:06.698 DEBUG 17208 --- [restartedMain] o.s.data.mongodb.core.MongoTemplate      : Inserting list of Documents containing 170 items
2019-10-14 18:31:06.698  INFO 17208 --- [restartedMain] com.github.cloudyrock.mongock.Mongock    : com.github.cloudyrock.mongock.ChangeEntry@4340bf05 applied
2019-10-14 18:31:06.713 DEBUG 17208 --- [restartedMain] o.s.data.mongodb.core.MongoTemplate      : Inserting list of Documents containing 32 items
2019-10-14 18:31:06.713  INFO 17208 --- [restartedMain] com.github.cloudyrock.mongock.Mongock    : com.github.cloudyrock.mongock.ChangeEntry@28e278ab applied
2019-10-14 18:31:06.713 DEBUG 17208 --- [restartedMain] o.s.data.mongodb.core.MongoTemplate      : Inserting list of Documents containing 655 items
2019-10-14 18:31:06.729  INFO 17208 --- [restartedMain] com.github.cloudyrock.mongock.Mongock    : com.github.cloudyrock.mongock.ChangeEntry@139c9827 applied
2019-10-14 18:31:06.760 DEBUG 17208 --- [restartedMain] o.s.data.mongodb.core.MongoTemplate      : Inserting list of Documents containing 5 items
2019-10-14 18:31:06.777 DEBUG 17208 --- [restartedMain] o.s.data.mongodb.core.MongoTemplate      : Inserting list of Documents containing 7 items
2019-10-14 18:31:06.777  INFO 17208 --- [restartedMain] com.github.cloudyrock.mongock.Mongock    : com.github.cloudyrock.mongock.ChangeEntry@5e08e126 applied
2019-10-14 18:31:06.793 DEBUG 17208 --- [restartedMain] o.s.data.mongodb.core.MongoTemplate      : Inserting list of Documents containing 16 items
2019-10-14 18:31:06.808 DEBUG 17208 --- [restartedMain] o.s.data.mongodb.core.MongoTemplate      : Inserting list of Documents containing 5 items
2019-10-14 18:31:06.832  INFO 17208 --- [restartedMain] com.github.cloudyrock.mongock.Mongock    : com.github.cloudyrock.mongock.ChangeEntry@32a9befb applied
2019-10-14 18:31:06.837 DEBUG 17208 --- [restartedMain] o.s.data.mongodb.core.MongoTemplate      : Executing count: { } in collection: Main_Users
2019-10-14 18:31:06.901  INFO 17208 --- [restartedMain] c.SetDefaultUsersIfEmptyMongoDBChangeLog : Created admin user with name "Admin" and password 111111
2019-10-14 18:31:06.932 DEBUG 17208 --- [restartedMain] o.s.data.mongodb.core.MongoTemplate      : Inserting Document containing fields: [name, email, password, accountNonExpired, accountNonLocked, credentialsNonExpired, enabled, roles, _class] in collection: Main_Users
2019-10-14 18:31:07.018  INFO 17208 --- [restartedMain] c.SetDefaultUsersIfEmptyMongoDBChangeLog : Created admin user with name "User" and password 111111
2019-10-14 18:31:07.018 DEBUG 17208 --- [restartedMain] o.s.data.mongodb.core.MongoTemplate      : Inserting Document containing fields: [name, email, password, accountNonExpired, accountNonLocked, credentialsNonExpired, enabled, roles, _class] in collection: Main_Users
2019-10-14 18:31:07.018  INFO 17208 --- [restartedMain] com.github.cloudyrock.mongock.Mongock    : com.github.cloudyrock.mongock.ChangeEntry@267a0c24 applied
2019-10-14 18:31:07.018  INFO 17208 --- [restartedMain] c.github.cloudyrock.mongock.LockChecker  : Mongock is trying to release the lock.
2019-10-14 18:31:07.018  INFO 17208 --- [restartedMain] c.github.cloudyrock.mongock.LockChecker  : Mongock released the lock
2019-10-14 18:31:07.018  INFO 17208 --- [restartedMain] com.github.cloudyrock.mongock.Mongock    : Mongock has finished his job.
2019-10-14 18:31:07.192  INFO 17208 --- [restartedMain] o.s.s.web.DefaultSecurityFilterChain     : Creating filter chain: any request, [org.springframework.security.web.context.request.async.WebAsyncManagerIntegrationFilter@57a06ab2, org.springframework.security.web.context.SecurityContextPersistenceFilter@7e82427e, org.springframework.security.web.header.HeaderWriterFilter@f1e7403, org.springframework.security.web.authentication.logout.LogoutFilter@5bdf1bd9, org.springframework.security.web.authentication.UsernamePasswordAuthenticationFilter@385356e, org.springframework.security.web.authentication.ui.DefaultLoginPageGeneratingFilter@6e0f240a, org.springframework.security.web.authentication.ui.DefaultLogoutPageGeneratingFilter@50b90ed8, org.springframework.security.web.savedrequest.RequestCacheAwareFilter@44683160, org.springframework.security.web.servletapi.SecurityContextHolderAwareRequestFilter@50914c20, org.springframework.security.web.authentication.rememberme.RememberMeAuthenticationFilter@7ce2ecea, org.springframework.security.web.authentication.AnonymousAuthenticationFilter@38135a31, org.springframework.security.web.session.SessionManagementFilter@45dc7f20, org.springframework.security.web.access.ExceptionTranslationFilter@6d7f7c4d, org.springframework.security.web.access.intercept.FilterSecurityInterceptor@711a1a80]
2019-10-14 18:31:07.648  INFO 17208 --- [restartedMain] o.s.b.a.e.web.EndpointLinksResolver      : Exposing 16 endpoint(s) beneath base path '/actuator'
2019-10-14 18:31:07.711  INFO 17208 --- [restartedMain] o.s.b.w.embedded.tomcat.TomcatWebServer  : Tomcat started on port(s): 8080 (http) with context path ''
2019-10-14 18:31:07.711  INFO 17208 --- [restartedMain] r.f.k.c.CultureCodeApplicationKt         : Started CultureCodeApplicationKt in 5.219 seconds (JVM running for 6.234)
2019-10-14 18:31:08.640  INFO 17208 --- [RMI TCP Connection(5)-10.70.2.181] o.a.c.c.C.[Tomcat].[localhost].[/]       : Initializing Spring DispatcherServlet 'dispatcherServlet'
2019-10-14 18:31:08.640  INFO 17208 --- [RMI TCP Connection(5)-10.70.2.181] o.s.web.servlet.DispatcherServlet        : Initializing Servlet 'dispatcherServlet'
2019-10-14 18:31:08.655  INFO 17208 --- [RMI TCP Connection(5)-10.70.2.181] o.s.web.servlet.DispatcherServlet        : Completed initialization in 15 ms
2019-10-14 18:31:24.306 DEBUG 17208 --- [http-nio-8080-exec-3] o.s.data.mongodb.core.MongoTemplate      : find using query: { "name" : "Admin" } fields: Document{{}} for class: class ru.fmtk.khlystov.culture_code.model.User in collection: Main_Users
2019-10-14 18:31:24.416 DEBUG 17208 --- [http-nio-8080-exec-6] o.s.data.mongodb.core.MongoTemplate      : find using query: { "name" : "Admin" } fields: Document{{}} for class: class ru.fmtk.khlystov.culture_code.model.User in collection: Main_Users
2019-10-14 18:31:24.447 DEBUG 17208 --- [http-nio-8080-exec-5] o.s.data.mongodb.core.MongoTemplate      : find using query: { "name" : "Admin" } fields: Document{{}} for class: class ru.fmtk.khlystov.culture_code.model.User in collection: Main_Users
2019-10-14 18:31:24.573 DEBUG 17208 --- [http-nio-8080-exec-7] o.s.data.mongodb.core.MongoTemplate      : find using query: { "name" : "Admin" } fields: Document{{}} for class: class ru.fmtk.khlystov.culture_code.model.User in collection: Main_Users
2019-10-14 18:31:24.573 DEBUG 17208 --- [http-nio-8080-exec-4] o.s.data.mongodb.core.MongoTemplate      : find using query: { "name" : "Admin" } fields: Document{{}} for class: class ru.fmtk.khlystov.culture_code.model.User in collection: Main_Users
2019-10-14 18:31:24.573 DEBUG 17208 --- [http-nio-8080-exec-8] o.s.data.mongodb.core.MongoTemplate      : find using query: { "name" : "Admin" } fields: Document{{}} for class: class ru.fmtk.khlystov.culture_code.model.User in collection: Main_Users
2019-10-14 18:31:24.579  INFO 17208 --- [http-nio-8080-exec-4] org.mongodb.driver.connection            : Opened connection [connectionId{localValue:3, serverValue:400}] to localhost:27017
2019-10-14 18:31:24.592 DEBUG 17208 --- [http-nio-8080-exec-9] o.s.data.mongodb.core.MongoTemplate      : find using query: { "name" : "Admin" } fields: Document{{}} for class: class ru.fmtk.khlystov.culture_code.model.User in collection: Main_Users
2019-10-14 18:31:24.592 DEBUG 17208 --- [http-nio-8080-exec-10] o.s.data.mongodb.core.MongoTemplate      : find using query: { "name" : "Admin" } fields: Document{{}} for class: class ru.fmtk.khlystov.culture_code.model.User in collection: Main_Users
2019-10-14 18:31:24.592 DEBUG 17208 --- [http-nio-8080-exec-1] o.s.data.mongodb.core.MongoTemplate      : find using query: { "name" : "Admin" } fields: Document{{}} for class: class ru.fmtk.khlystov.culture_code.model.User in collection: Main_Users
2019-10-14 18:31:24.593 DEBUG 17208 --- [http-nio-8080-exec-3] o.s.data.mongodb.core.MongoTemplate      : find using query: { "name" : "Admin" } fields: Document{{}} for class: class ru.fmtk.khlystov.culture_code.model.User in collection: Main_Users
2019-10-14 18:31:24.593 DEBUG 17208 --- [http-nio-8080-exec-2] o.s.data.mongodb.core.MongoTemplate      : find using query: { "name" : "Admin" } fields: Document{{}} for class: class ru.fmtk.khlystov.culture_code.model.User in collection: Main_Users
2019-10-14 18:31:24.593 DEBUG 17208 --- [http-nio-8080-exec-6] o.s.data.mongodb.core.MongoTemplate      : find using query: { "name" : "Admin" } fields: Document{{}} for class: class ru.fmtk.khlystov.culture_code.model.User in collection: Main_Users
2019-10-14 18:31:24.596  INFO 17208 --- [http-nio-8080-exec-1] org.mongodb.driver.connection            : Opened connection [connectionId{localValue:4, serverValue:401}] to localhost:27017
2019-10-14 18:31:24.596  INFO 17208 --- [http-nio-8080-exec-2] org.mongodb.driver.connection            : Opened connection [connectionId{localValue:6, serverValue:402}] to localhost:27017
2019-10-14 18:31:24.597  INFO 17208 --- [http-nio-8080-exec-3] org.mongodb.driver.connection            : Opened connection [connectionId{localValue:5, serverValue:403}] to localhost:27017
2019-10-14 18:31:24.601 DEBUG 17208 --- [http-nio-8080-exec-10] o.s.data.mongodb.core.MongoTemplate      : find using query: { "name" : "Admin" } fields: Document{{}} for class: class ru.fmtk.khlystov.culture_code.model.User in collection: Main_Users
2019-10-14 18:31:24.601 DEBUG 17208 --- [http-nio-8080-exec-6] o.s.data.mongodb.core.MongoTemplate      : find using query: { "name" : "Admin" } fields: Document{{}} for class: class ru.fmtk.khlystov.culture_code.model.User in collection: Main_Users
2019-10-14 18:31:24.602 DEBUG 17208 --- [http-nio-8080-exec-9] o.s.data.mongodb.core.MongoTemplate      : find using query: { "name" : "Admin" } fields: Document{{}} for class: class ru.fmtk.khlystov.culture_code.model.User in collection: Main_Users
2019-10-14 18:31:24.606 DEBUG 17208 --- [http-nio-8080-exec-2] o.s.data.mongodb.core.MongoTemplate      : find using query: { "name" : "Admin" } fields: Document{{}} for class: class ru.fmtk.khlystov.culture_code.model.User in collection: Main_Users
2019-10-14 18:31:24.606 DEBUG 17208 --- [http-nio-8080-exec-3] o.s.data.mongodb.core.MongoTemplate      : find using query: { "name" : "Admin" } fields: Document{{}} for class: class ru.fmtk.khlystov.culture_code.model.User in collection: Main_Users
2019-10-14 18:31:24.606 DEBUG 17208 --- [http-nio-8080-exec-1] o.s.data.mongodb.core.MongoTemplate      : find using query: { "name" : "Admin" } fields: Document{{}} for class: class ru.fmtk.khlystov.culture_code.model.User in collection: Main_Users
2019-10-14 18:31:24.609 DEBUG 17208 --- [http-nio-8080-exec-6] o.s.data.mongodb.core.MongoTemplate      : find using query: { "name" : "Admin" } fields: Document{{}} for class: class ru.fmtk.khlystov.culture_code.model.User in collection: Main_Users
2019-10-14 18:31:24.609 DEBUG 17208 --- [http-nio-8080-exec-10] o.s.data.mongodb.core.MongoTemplate      : find using query: { "name" : "Admin" } fields: Document{{}} for class: class ru.fmtk.khlystov.culture_code.model.User in collection: Main_Users
2019-10-14 18:31:24.611 DEBUG 17208 --- [http-nio-8080-exec-9] o.s.data.mongodb.core.MongoTemplate      : find using query: { "name" : "Admin" } fields: Document{{}} for class: class ru.fmtk.khlystov.culture_code.model.User in collection: Main_Users
2019-10-14 18:31:24.613 DEBUG 17208 --- [http-nio-8080-exec-5] o.s.data.mongodb.core.MongoTemplate      : find using query: { "name" : "Admin" } fields: Document{{}} for class: class ru.fmtk.khlystov.culture_code.model.User in collection: Main_Users
2019-10-14 18:31:24.613 DEBUG 17208 --- [http-nio-8080-exec-1] o.s.data.mongodb.core.MongoTemplate      : find using query: { "name" : "Admin" } fields: Document{{}} for class: class ru.fmtk.khlystov.culture_code.model.User in collection: Main_Users
2019-10-14 18:31:24.613 DEBUG 17208 --- [http-nio-8080-exec-8] o.s.data.mongodb.core.MongoTemplate      : find using query: { "name" : "Admin" } fields: Document{{}} for class: class ru.fmtk.khlystov.culture_code.model.User in collection: Main_Users
2019-10-14 18:31:24.617 DEBUG 17208 --- [http-nio-8080-exec-9] o.s.data.mongodb.core.MongoTemplate      : find using query: { "name" : "Admin" } fields: Document{{}} for class: class ru.fmtk.khlystov.culture_code.model.User in collection: Main_Users
2019-10-14 18:31:24.618 DEBUG 17208 --- [http-nio-8080-exec-4] o.s.data.mongodb.core.MongoTemplate      : find using query: { "name" : "Admin" } fields: Document{{}} for class: class ru.fmtk.khlystov.culture_code.model.User in collection: Main_Users
2019-10-14 18:31:24.618 DEBUG 17208 --- [http-nio-8080-exec-7] o.s.data.mongodb.core.MongoTemplate      : find using query: { "name" : "Admin" } fields: Document{{}} for class: class ru.fmtk.khlystov.culture_code.model.User in collection: Main_Users
2019-10-14 18:31:24.619 DEBUG 17208 --- [http-nio-8080-exec-8] o.s.data.mongodb.core.MongoTemplate      : find using query: { "name" : "Admin" } fields: Document{{}} for class: class ru.fmtk.khlystov.culture_code.model.User in collection: Main_Users
2019-10-14 18:31:24.619 DEBUG 17208 --- [http-nio-8080-exec-1] o.s.data.mongodb.core.MongoTemplate      : find using query: { "name" : "Admin" } fields: Document{{}} for class: class ru.fmtk.khlystov.culture_code.model.User in collection: Main_Users
2019-10-14 18:31:24.619 DEBUG 17208 --- [http-nio-8080-exec-5] o.s.data.mongodb.core.MongoTemplate      : find using query: { "name" : "Admin" } fields: Document{{}} for class: class ru.fmtk.khlystov.culture_code.model.User in collection: Main_Users
2019-10-14 18:31:24.627 DEBUG 17208 --- [http-nio-8080-exec-4] o.s.data.mongodb.core.MongoTemplate      : find using query: { "name" : "Admin" } fields: Document{{}} for class: class ru.fmtk.khlystov.culture_code.model.User in collection: Main_Users
2019-10-14 18:31:24.627 DEBUG 17208 --- [http-nio-8080-exec-8] o.s.data.mongodb.core.MongoTemplate      : find using query: { "name" : "Admin" } fields: Document{{}} for class: class ru.fmtk.khlystov.culture_code.model.User in collection: Main_Users
2019-10-14 18:31:24.627 DEBUG 17208 --- [http-nio-8080-exec-3] o.s.data.mongodb.core.MongoTemplate      : find using query: { "name" : "Admin" } fields: Document{{}} for class: class ru.fmtk.khlystov.culture_code.model.User in collection: Main_Users
2019-10-14 18:31:24.627 DEBUG 17208 --- [http-nio-8080-exec-1] o.s.data.mongodb.core.MongoTemplate      : find using query: { "name" : "Admin" } fields: Document{{}} for class: class ru.fmtk.khlystov.culture_code.model.User in collection: Main_Users
2019-10-14 18:31:24.627 DEBUG 17208 --- [http-nio-8080-exec-6] o.s.data.mongodb.core.MongoTemplate      : find using query: { "name" : "Admin" } fields: Document{{}} for class: class ru.fmtk.khlystov.culture_code.model.User in collection: Main_Users
2019-10-14 18:31:24.742 DEBUG 17208 --- [http-nio-8080-exec-10] o.s.data.mongodb.core.MongoTemplate      : find using query: { "name" : "Admin" } fields: Document{{}} for class: class ru.fmtk.khlystov.culture_code.model.User in collection: Main_Users
2019-10-14 18:31:24.749 DEBUG 17208 --- [http-nio-8080-exec-7] o.s.data.mongodb.core.MongoTemplate      : find using query: { "name" : "Admin" } fields: Document{{}} for class: class ru.fmtk.khlystov.culture_code.model.User in collection: Main_Users
2019-10-14 18:31:24.835 DEBUG 17208 --- [http-nio-8080-exec-9] o.s.data.mongodb.core.MongoTemplate      : find using query: { "name" : "Admin" } fields: Document{{}} for class: class ru.fmtk.khlystov.culture_code.model.User in collection: Main_Users
